<?xml version="1.0" encoding="UTF-8"?>
<!-- Generated by org.testng.reporters.JUnitReportReporter -->
<testsuite hostname="DESKTOP-KOJOBGV" failures="0" tests="1" name="com.mohs10.scripts.HomeTest" time="12.496" errors="0" timestamp="2023-04-03T17:35:37 IST" skipped="0">
  <testcase classname="com.mohs10.scripts.HomeTest" name="CategoriesTest" time="12.496"/>
  <system-out/>
</testsuite> <!-- com.mohs10.scripts.HomeTest -->
