<?xml version="1.0" encoding="UTF-8"?>
<!-- Generated by org.testng.reporters.JUnitReportReporter -->
<testsuite hostname="DESKTOP-KOJOBGV" failures="0" tests="1" name="com.mohs10.scripts.HomeTest" time="12.174" errors="0" timestamp="2023-03-23T13:03:16 IST" skipped="0">
  <testcase classname="com.mohs10.scripts.HomeTest" name="CategoriesTest" time="12.174"/>
  <system-out/>
</testsuite> <!-- com.mohs10.scripts.HomeTest -->
